----------

Sat Jun 12 2021 11:47:36 GMT+0800 (Australian Western Standard Time)

warning: LF will be replaced by CRLF in about.html.
The file will have its original line endings in your working directory


----------

Sat Jun 12 2021 11:47:36 GMT+0800 (Australian Western Standard Time)

warning: LF will be replaced by CRLF in assets/bootstrap/css/bootstrap.min.css.
The file will have its original line endings in your working directory


----------

Sat Jun 12 2021 11:47:36 GMT+0800 (Australian Western Standard Time)

warning: LF will be replaced by CRLF in assets/bootstrap/js/bootstrap.min.js.
The file will have its original line endings in your working directory


----------

Sat Jun 12 2021 11:47:36 GMT+0800 (Australian Western Standard Time)

warning: LF will be replaced by CRLF in assets/css/Chomsky Regular.css.
The file will have its original line endings in your working directory


----------

Sat Jun 12 2021 11:47:36 GMT+0800 (Australian Western Standard Time)

warning: LF will be replaced by CRLF in assets/css/about.css.
The file will have its original line endings in your working directory


----------

Sat Jun 12 2021 11:47:36 GMT+0800 (Australian Western Standard Time)

warning: LF will be replaced by CRLF in assets/css/contact.css.
The file will have its original line endings in your working directory


----------

Sat Jun 12 2021 11:47:36 GMT+0800 (Australian Western Standard Time)

warning: LF will be replaced by CRLF in assets/css/footer.css.
The file will have its original line endings in your working directory


----------

Sat Jun 12 2021 11:47:36 GMT+0800 (Australian Western Standard Time)

warning: LF will be replaced by CRLF in assets/css/gallery.css.
The file will have its original line endings in your working directory


----------

Sat Jun 12 2021 11:47:36 GMT+0800 (Australian Western Standard Time)

warning: LF will be replaced by CRLF in assets/css/hero.css.
The file will have its original line endings in your working directory


----------

Sat Jun 12 2021 11:47:36 GMT+0800 (Australian Western Standard Time)

warning: LF will be replaced by CRLF in assets/css/index.css.
The file will have its original line endings in your working directory


----------

Sat Jun 12 2021 11:47:36 GMT+0800 (Australian Western Standard Time)

warning: LF will be replaced by CRLF in assets/css/music.css.
The file will have its original line endings in your working directory


----------

Sat Jun 12 2021 11:47:36 GMT+0800 (Australian Western Standard Time)

warning: LF will be replaced by CRLF in assets/css/navbar.css.
The file will have its original line endings in your working directory


----------

Sat Jun 12 2021 11:47:36 GMT+0800 (Australian Western Standard Time)

warning: LF will be replaced by CRLF in assets/css/styles.css.
The file will have its original line endings in your working directory


----------

Sat Jun 12 2021 11:47:36 GMT+0800 (Australian Western Standard Time)

warning: LF will be replaced by CRLF in assets/css/youtube embed.css.
The file will have its original line endings in your working directory


----------

Sat Jun 12 2021 11:47:36 GMT+0800 (Australian Western Standard Time)

warning: LF will be replaced by CRLF in assets/fonts/fa-brands-400.svg.
The file will have its original line endings in your working directory


----------

Sat Jun 12 2021 11:47:36 GMT+0800 (Australian Western Standard Time)

warning: LF will be replaced by CRLF in assets/fonts/fa-regular-400.svg.
The file will have its original line endings in your working directory


----------

Sat Jun 12 2021 11:47:36 GMT+0800 (Australian Western Standard Time)

warning: LF will be replaced by CRLF in assets/fonts/fa-solid-900.svg.
The file will have its original line endings in your working directory


----------

Sat Jun 12 2021 11:47:36 GMT+0800 (Australian Western Standard Time)

warning: LF will be replaced by CRLF in assets/fonts/font-awesome.min.css.
The file will have its original line endings in your working directory


----------

Sat Jun 12 2021 11:47:36 GMT+0800 (Australian Western Standard Time)

warning: LF will be replaced by CRLF in assets/fonts/fontawesome-all.min.css.
The file will have its original line endings in your working directory


----------

Sat Jun 12 2021 11:47:36 GMT+0800 (Australian Western Standard Time)

warning: LF will be replaced by CRLF in assets/fonts/fontawesome-webfont.svg.
The file will have its original line endings in your working directory


----------

Sat Jun 12 2021 11:47:36 GMT+0800 (Australian Western Standard Time)

warning: LF will be replaced by CRLF in assets/img/sponsors/abc.svg.
The file will have its original line endings in your working directory


----------

Sat Jun 12 2021 11:47:36 GMT+0800 (Australian Western Standard Time)

warning: LF will be replaced by CRLF in assets/js/gallery.js.
The file will have its original line endings in your working directory


----------

Sat Jun 12 2021 11:47:36 GMT+0800 (Australian Western Standard Time)

warning: LF will be replaced by CRLF in assets/js/hero.js.
The file will have its original line endings in your working directory


----------

Sat Jun 12 2021 11:47:36 GMT+0800 (Australian Western Standard Time)

warning: LF will be replaced by CRLF in assets/js/index.js.
The file will have its original line endings in your working directory


----------

Sat Jun 12 2021 11:47:36 GMT+0800 (Australian Western Standard Time)

warning: LF will be replaced by CRLF in assets/js/jquery.min.js.
The file will have its original line endings in your working directory


----------

Sat Jun 12 2021 11:47:36 GMT+0800 (Australian Western Standard Time)

warning: LF will be replaced by CRLF in assets/js/music.js.
The file will have its original line endings in your working directory


----------

Sat Jun 12 2021 11:47:36 GMT+0800 (Australian Western Standard Time)

warning: LF will be replaced by CRLF in assets/js/music.json.
The file will have its original line endings in your working directory


----------

Sat Jun 12 2021 11:47:36 GMT+0800 (Australian Western Standard Time)

warning: LF will be replaced by CRLF in assets/js/script.js.
The file will have its original line endings in your working directory


----------

Sat Jun 12 2021 11:47:36 GMT+0800 (Australian Western Standard Time)

warning: LF will be replaced by CRLF in contact.html.
The file will have its original line endings in your working directory


----------

Sat Jun 12 2021 11:47:36 GMT+0800 (Australian Western Standard Time)

warning: LF will be replaced by CRLF in gallery.html.
The file will have its original line endings in your working directory


----------

Sat Jun 12 2021 11:47:36 GMT+0800 (Australian Western Standard Time)

warning: LF will be replaced by CRLF in index.html.
The file will have its original line endings in your working directory


----------

Sat Jun 12 2021 11:47:36 GMT+0800 (Australian Western Standard Time)

warning: LF will be replaced by CRLF in music.html.
The file will have its original line endings in your working directory


----------

Sat Jun 12 2021 11:47:36 GMT+0800 (Australian Western Standard Time)

warning: LF will be replaced by CRLF in store.html.
The file will have its original line endings in your working directory


----------

Sat Jun 12 2021 11:47:36 GMT+0800 (Australian Western Standard Time)

warning: LF will be replaced by CRLF in tours.html.
The file will have its original line endings in your working directory


----------

Sat Jun 12 2021 11:47:42 GMT+0800 (Australian Western Standard Time)

To https://github.com/Panc4kes/Panc4kes.github.io.git
   4e0399d..9b2f0ad  main -> main


